0 info it worked if it ends with ok
1 verbose cli [
1 verbose cli   'C:\\Program Files\\nodejs\\node.exe',
1 verbose cli   'C:\\Users\\Ashish Boltar\\AppData\\Roaming\\npm\\node_modules\\npm\\bin\\npm-cli.js',
1 verbose cli   'run',
1 verbose cli   'deploy'
1 verbose cli ]
2 info using npm@6.14.5
3 info using node@v12.16.3
4 verbose run-script [ 'predeploy', 'deploy', 'postdeploy' ]
5 info lifecycle todolist@0.1.0~predeploy: todolist@0.1.0
6 verbose lifecycle todolist@0.1.0~predeploy: unsafe-perm in lifecycle true
7 verbose lifecycle todolist@0.1.0~predeploy: PATH: C:\Users\Ashish Boltar\AppData\Roaming\npm\node_modules\npm\node_modules\npm-lifecycle\node-gyp-bin;D:\LC\codes\todolist-react\node_modules\.bin;C:\Program Files\Git\mingw64\bin;C:\Program Files\Git\usr\bin;C:\Users\Ashish Boltar\bin;C:\Windows\system32;C:\Windows;C:\Windows\System32\Wbem;C:\Windows\System32\WindowsPowerShell\v1.0;C:\Windows\System32\OpenSSH;C:\Program Files\Git\cmd;C:\Program Files\nodejs;C:\Program Files (x86)\Yarn\bin;C:\Users\Ashish Boltar\AppData\Local\Microsoft\WindowsApps;C:\Users\Ashish Boltar\AppData\Local\Programs\Microsoft VS Code\bin;C:\Program Files\nodejs;C:\Program Files\heroku\bin;C:\Users\Ashish Boltar\AppData\Local\hyper\app-3.0.2\resources\bin;C:\Users\Ashish Boltar\AppData\Roaming\npm;C:\Users\Ashish Boltar\AppData\Local\Yarn\bin
8 verbose lifecycle todolist@0.1.0~predeploy: CWD: D:\LC\codes\todolist-react
9 silly lifecycle todolist@0.1.0~predeploy: Args: [ '/d /s /c', 'npm build' ]
10 silly lifecycle todolist@0.1.0~predeploy: Returned: code: 0  signal: null
11 info lifecycle todolist@0.1.0~deploy: todolist@0.1.0
12 verbose lifecycle todolist@0.1.0~deploy: unsafe-perm in lifecycle true
13 verbose lifecycle todolist@0.1.0~deploy: PATH: C:\Users\Ashish Boltar\AppData\Roaming\npm\node_modules\npm\node_modules\npm-lifecycle\node-gyp-bin;D:\LC\codes\todolist-react\node_modules\.bin;C:\Program Files\Git\mingw64\bin;C:\Program Files\Git\usr\bin;C:\Users\Ashish Boltar\bin;C:\Windows\system32;C:\Windows;C:\Windows\System32\Wbem;C:\Windows\System32\WindowsPowerShell\v1.0;C:\Windows\System32\OpenSSH;C:\Program Files\Git\cmd;C:\Program Files\nodejs;C:\Program Files (x86)\Yarn\bin;C:\Users\Ashish Boltar\AppData\Local\Microsoft\WindowsApps;C:\Users\Ashish Boltar\AppData\Local\Programs\Microsoft VS Code\bin;C:\Program Files\nodejs;C:\Program Files\heroku\bin;C:\Users\Ashish Boltar\AppData\Local\hyper\app-3.0.2\resources\bin;C:\Users\Ashish Boltar\AppData\Roaming\npm;C:\Users\Ashish Boltar\AppData\Local\Yarn\bin
14 verbose lifecycle todolist@0.1.0~deploy: CWD: D:\LC\codes\todolist-react
15 silly lifecycle todolist@0.1.0~deploy: Args: [ '/d /s /c', 'gh-pages -d build' ]
16 silly lifecycle todolist@0.1.0~deploy: Returned: code: 1  signal: null
17 info lifecycle todolist@0.1.0~deploy: Failed to exec deploy script
18 verbose stack Error: todolist@0.1.0 deploy: `gh-pages -d build`
18 verbose stack Exit status 1
18 verbose stack     at EventEmitter.<anonymous> (C:\Users\Ashish Boltar\AppData\Roaming\npm\node_modules\npm\node_modules\npm-lifecycle\index.js:332:16)
18 verbose stack     at EventEmitter.emit (events.js:310:20)
18 verbose stack     at ChildProcess.<anonymous> (C:\Users\Ashish Boltar\AppData\Roaming\npm\node_modules\npm\node_modules\npm-lifecycle\lib\spawn.js:55:14)
18 verbose stack     at ChildProcess.emit (events.js:310:20)
18 verbose stack     at maybeClose (internal/child_process.js:1021:16)
18 verbose stack     at Process.ChildProcess._handle.onexit (internal/child_process.js:286:5)
19 verbose pkgid todolist@0.1.0
20 verbose cwd D:\LC\codes\todolist-react
21 verbose Windows_NT 10.0.17763
22 verbose argv "C:\\Program Files\\nodejs\\node.exe" "C:\\Users\\Ashish Boltar\\AppData\\Roaming\\npm\\node_modules\\npm\\bin\\npm-cli.js" "run" "deploy"
23 verbose node v12.16.3
24 verbose npm  v6.14.5
25 error code ELIFECYCLE
26 error errno 1
27 error todolist@0.1.0 deploy: `gh-pages -d build`
27 error Exit status 1
28 error Failed at the todolist@0.1.0 deploy script.
28 error This is probably not a problem with npm. There is likely additional logging output above.
29 verbose exit [ 1, true ]
